ERROR - 12/20/2024 17:10:01 --> Error: ENOENT: no such file or directory, open '../../Resources/database.json'
ERROR - 12/20/2024 17:11:00 --> Error: ENOENT: no such file or directory, open '../Resources/database.json'
ERROR - 12/20/2024 17:11:03 --> Error: ENOENT: no such file or directory, open '../Resources/database.json'
ERROR - 12/20/2024 17:11:51 --> Error: ENOENT: no such file or directory, open '../Resources/database.json'
ERROR - 12/20/2024 17:16:14 --> USER/Warning: key "header" not found on object "".
ERROR - 12/20/2024 17:16:14 --> USER/Warning: key "pageEditable" not found on object "".
ERROR - 12/20/2024 17:16:14 --> USER/Warning: key "message" not found on object "".
ERROR - 12/20/2024 17:16:18 --> USER/Warning: key "header" not found on object "".
ERROR - 12/20/2024 17:16:40 --> USER/Warning: key "message" not found on object "".
ERROR - 12/20/2024 17:16:41 --> USER/Warning: key "message" not found on object "".
ERROR - 12/20/2024 17:16:41 --> USER/Warning: key "chngPswdLink" not found on object "".
ERROR - 12/20/2024 17:16:41 --> USER/Warning: key "formActionLink" not found on object "".
ERROR - 12/20/2024 17:16:45 --> USER/Warning: key "message" not found on object "".
ERROR - 12/20/2024 17:16:45 --> USER/Warning: key "chngPswdLink" not found on object "".
ERROR - 12/20/2024 17:16:45 --> USER/Warning: key "formActionLink" not found on object "".
ERROR - 12/20/2024 17:33:00 --> /Warning: key "pageHeader" not found on object "".
ERROR - 12/20/2024 17:33:03 --> USER/Warning: key "pageEditable" not found on object "".
ERROR - 12/20/2024 17:33:03 --> USER/Warning: key "message" not found on object "".
ERROR - 12/20/2024 17:33:07 --> USER/Warning: key "message" not found on object "".
ERROR - 12/20/2024 17:33:27 --> USER/Warning: key "message" not found on object "".
ERROR - 12/20/2024 17:33:30 --> USER/Warning: key "message" not found on object "".
ERROR - 12/20/2024 17:33:30 --> USER/Warning: key "message" not found on object "".
ERROR - 12/20/2024 17:34:12 --> /Warning: key "pageHeader" not found on object "".
ERROR - 12/20/2024 17:34:15 --> USER/Warning: key "pageEditable" not found on object "".
ERROR - 12/20/2024 17:34:15 --> USER/Warning: key "message" not found on object "".
ERROR - 12/20/2024 17:34:17 --> USER/Warning: key "chngPswdLink" not found on object "".
ERROR - 12/20/2024 17:34:24 --> User "Campbell Simpson" tried to access non-existant page "/user/update_user".
ERROR - 12/20/2024 17:35:13 --> /Warning: key "pageHeader" not found on object "".
ERROR - 12/20/2024 17:35:17 --> USER/Warning: key "pageEditable" not found on object "".
ERROR - 12/20/2024 17:35:17 --> USER/Warning: key "message" not found on object "".
ERROR - 12/20/2024 17:35:20 --> USER/Warning: key "chngPswdLink" not found on object "".
ERROR - 12/20/2024 17:35:23 --> USER/Warning: key "chngPswdLink" not found on object "".
ERROR - 12/20/2024 17:35:33 --> USER/Warning: key "chngPswdLink" not found on object "".
ERROR - 12/20/2024 17:35:37 --> USER/Warning: key "chngPswdLink" not found on object "".
ERROR - 12/20/2024 17:35:37 --> USER/Warning: key "email" not found on object "user".
ERROR - 12/20/2024 17:36:41 --> /Warning: key "pageHeader" not found on object "".
ERROR - 12/20/2024 17:36:48 --> USER/Warning: key "pageEditable" not found on object "".
ERROR - 12/20/2024 17:36:48 --> USER/Warning: key "message" not found on object "".
ERROR - 12/20/2024 17:36:51 --> USER/Warning: key "chngPswdLink" not found on object "".
ERROR - 12/20/2024 17:36:56 --> USER/Warning: key "chngPswdLink" not found on object "".
ERROR - 12/20/2024 17:36:58 --> USER/Warning: key "chngPswdLink" not found on object "".
ERROR - 12/20/2024 17:36:58 --> USER/Warning: key "email" not found on object "user".
ERROR - 12/20/2024 17:37:45 --> /Warning: key "pageHeader" not found on object "".
ERROR - 12/20/2024 17:37:48 --> USER/Warning: key "pageEditable" not found on object "".
ERROR - 12/20/2024 17:37:48 --> USER/Warning: key "message" not found on object "".
ERROR - 12/20/2024 17:37:50 --> USER/Warning: key "chngPswdLink" not found on object "".
ERROR - 12/20/2024 17:37:53 --> USER/Warning: key "chngPswdLink" not found on object "".
ERROR - 12/20/2024 17:37:53 --> USER/Warning: key "email" not found on object "user".
ERROR - 12/20/2024 17:38:11 --> /Warning: key "pageHeader" not found on object "".
ERROR - 12/20/2024 17:38:15 --> USER/Warning: key "pageEditable" not found on object "".
ERROR - 12/20/2024 17:38:15 --> USER/Warning: key "message" not found on object "".
ERROR - 12/20/2024 17:38:17 --> USER/Warning: key "chngPswdLink" not found on object "".
ERROR - 12/20/2024 17:38:19 --> USER/Warning: key "chngPswdLink" not found on object "".
ERROR - 12/20/2024 17:38:19 --> USER/Warning: key "email" not found on object "user".
ERROR - 12/20/2024 17:38:33 --> USER/Warning: key "chngPswdLink" not found on object "".
ERROR - 12/20/2024 17:38:37 --> USER/Warning: key "chngPswdLink" not found on object "".
ERROR - 12/20/2024 17:38:37 --> USER/Warning: key "email" not found on object "user".
ERROR - 12/20/2024 17:39:27 --> /Warning: key "pageHeader" not found on object "".
ERROR - 12/20/2024 17:39:30 --> USER/Warning: key "pageEditable" not found on object "".
ERROR - 12/20/2024 17:39:30 --> USER/Warning: key "message" not found on object "".
ERROR - 12/20/2024 17:41:48 --> /Warning: key "pageHeader" not found on object "".
ERROR - 12/20/2024 17:41:52 --> USER/Warning: key "pageEditable" not found on object "".
ERROR - 12/20/2024 17:41:52 --> USER/Warning: key "message" not found on object "".
ERROR - 12/20/2024 17:41:56 --> USER/Warning: key "chngPswdLink" not found on object "".
ERROR - 12/20/2024 17:42:02 --> USER/Warning: key "chngPswdLink" not found on object "".
ERROR - 12/20/2024 17:42:05 --> USER/Warning: key "chngPswdLink" not found on object "".
ERROR - 12/20/2024 17:42:05 --> USER/Warning: key "user_id" not found on object "user".
ERROR - 12/20/2024 17:43:21 --> /Warning: key "pageHeader" not found on object "".
ERROR - 12/20/2024 17:43:25 --> USER/Warning: key "pageEditable" not found on object "".
ERROR - 12/20/2024 17:43:25 --> USER/Warning: key "message" not found on object "".
ERROR - 12/20/2024 17:47:12 --> /Warning: key "pageHeader" not found on object "".
ERROR - 12/20/2024 17:47:16 --> USER/Warning: key "pageEditable" not found on object "".
ERROR - 12/20/2024 17:47:16 --> USER/Warning: key "message" not found on object "".
ERROR - 12/20/2024 17:48:13 --> /Warning: key "pageHeader" not found on object "".
ERROR - 12/20/2024 17:48:16 --> USER/Warning: key "pageEditable" not found on object "".
ERROR - 12/20/2024 17:48:16 --> USER/Warning: key "message" not found on object "".
ERROR - 12/20/2024 17:48:41 --> /Warning: key "pageHeader" not found on object "".
ERROR - 12/20/2024 17:48:45 --> USER/Warning: key "pageEditable" not found on object "".
ERROR - 12/20/2024 17:48:45 --> USER/Warning: key "message" not found on object "".
ERROR - 12/20/2024 17:48:49 --> {"code":"MODULE_NOT_FOUND","requireStack":["C:\\Users\\Curse\\Desktop\\programming\\work\\ghostsentry\\ModelControllerView\\Lib.js","C:\\Users\\Curse\\Desktop\\programming\\work\\ghostsentry\\ModelControllerView\\Server.js"]}
ERROR - 12/20/2024 17:48:49 --> User "Campbell Simpson" tried to access non-existant page "/login".
ERROR - 12/20/2024 17:48:49 --> {"code":"MODULE_NOT_FOUND","requireStack":["C:\\Users\\Curse\\Desktop\\programming\\work\\ghostsentry\\ModelControllerView\\Lib.js","C:\\Users\\Curse\\Desktop\\programming\\work\\ghostsentry\\ModelControllerView\\Server.js"]}
ERROR - 12/20/2024 17:48:49 --> User "Campbell Simpson" tried to access non-existant page "/login".
ERROR - 12/20/2024 17:48:49 --> {"code":"MODULE_NOT_FOUND","requireStack":["C:\\Users\\Curse\\Desktop\\programming\\work\\ghostsentry\\ModelControllerView\\Lib.js","C:\\Users\\Curse\\Desktop\\programming\\work\\ghostsentry\\ModelControllerView\\Server.js"]}
ERROR - 12/20/2024 17:48:49 --> User "Campbell Simpson" tried to access non-existant page "/login".
ERROR - 12/20/2024 17:48:49 --> {"code":"MODULE_NOT_FOUND","requireStack":["C:\\Users\\Curse\\Desktop\\programming\\work\\ghostsentry\\ModelControllerView\\Lib.js","C:\\Users\\Curse\\Desktop\\programming\\work\\ghostsentry\\ModelControllerView\\Server.js"]}
ERROR - 12/20/2024 17:48:49 --> User "Campbell Simpson" tried to access non-existant page "/login".
ERROR - 12/20/2024 17:48:49 --> {"code":"MODULE_NOT_FOUND","requireStack":["C:\\Users\\Curse\\Desktop\\programming\\work\\ghostsentry\\ModelControllerView\\Lib.js","C:\\Users\\Curse\\Desktop\\programming\\work\\ghostsentry\\ModelControllerView\\Server.js"]}
ERROR - 12/20/2024 17:48:49 --> User "Campbell Simpson" tried to access non-existant page "/login".
ERROR - 12/20/2024 17:48:49 --> {"code":"MODULE_NOT_FOUND","requireStack":["C:\\Users\\Curse\\Desktop\\programming\\work\\ghostsentry\\ModelControllerView\\Lib.js","C:\\Users\\Curse\\Desktop\\programming\\work\\ghostsentry\\ModelControllerView\\Server.js"]}
ERROR - 12/20/2024 17:48:49 --> User "Campbell Simpson" tried to access non-existant page "/login".
ERROR - 12/20/2024 17:48:49 --> {"code":"MODULE_NOT_FOUND","requireStack":["C:\\Users\\Curse\\Desktop\\programming\\work\\ghostsentry\\ModelControllerView\\Lib.js","C:\\Users\\Curse\\Desktop\\programming\\work\\ghostsentry\\ModelControllerView\\Server.js"]}
ERROR - 12/20/2024 17:48:49 --> User "Campbell Simpson" tried to access non-existant page "/login".
ERROR - 12/20/2024 17:48:49 --> {"code":"MODULE_NOT_FOUND","requireStack":["C:\\Users\\Curse\\Desktop\\programming\\work\\ghostsentry\\ModelControllerView\\Lib.js","C:\\Users\\Curse\\Desktop\\programming\\work\\ghostsentry\\ModelControllerView\\Server.js"]}
ERROR - 12/20/2024 17:48:49 --> User "Campbell Simpson" tried to access non-existant page "/login".
ERROR - 12/20/2024 17:48:50 --> {"code":"MODULE_NOT_FOUND","requireStack":["C:\\Users\\Curse\\Desktop\\programming\\work\\ghostsentry\\ModelControllerView\\Lib.js","C:\\Users\\Curse\\Desktop\\programming\\work\\ghostsentry\\ModelControllerView\\Server.js"]}
ERROR - 12/20/2024 17:48:50 --> User "Campbell Simpson" tried to access non-existant page "/login".
ERROR - 12/20/2024 17:48:50 --> {"code":"MODULE_NOT_FOUND","requireStack":["C:\\Users\\Curse\\Desktop\\programming\\work\\ghostsentry\\ModelControllerView\\Lib.js","C:\\Users\\Curse\\Desktop\\programming\\work\\ghostsentry\\ModelControllerView\\Server.js"]}
ERROR - 12/20/2024 17:48:50 --> User "Campbell Simpson" tried to access non-existant page "/login".
ERROR - 12/20/2024 17:48:50 --> {"code":"MODULE_NOT_FOUND","requireStack":["C:\\Users\\Curse\\Desktop\\programming\\work\\ghostsentry\\ModelControllerView\\Lib.js","C:\\Users\\Curse\\Desktop\\programming\\work\\ghostsentry\\ModelControllerView\\Server.js"]}
ERROR - 12/20/2024 17:48:50 --> User "Campbell Simpson" tried to access non-existant page "/login".
ERROR - 12/20/2024 17:48:50 --> {"code":"MODULE_NOT_FOUND","requireStack":["C:\\Users\\Curse\\Desktop\\programming\\work\\ghostsentry\\ModelControllerView\\Lib.js","C:\\Users\\Curse\\Desktop\\programming\\work\\ghostsentry\\ModelControllerView\\Server.js"]}
ERROR - 12/20/2024 17:48:50 --> User "Campbell Simpson" tried to access non-existant page "/login".
ERROR - 12/20/2024 17:48:50 --> {"code":"MODULE_NOT_FOUND","requireStack":["C:\\Users\\Curse\\Desktop\\programming\\work\\ghostsentry\\ModelControllerView\\Lib.js","C:\\Users\\Curse\\Desktop\\programming\\work\\ghostsentry\\ModelControllerView\\Server.js"]}
ERROR - 12/20/2024 17:48:50 --> User "Campbell Simpson" tried to access non-existant page "/login".
ERROR - 12/20/2024 17:48:50 --> {"code":"MODULE_NOT_FOUND","requireStack":["C:\\Users\\Curse\\Desktop\\programming\\work\\ghostsentry\\ModelControllerView\\Lib.js","C:\\Users\\Curse\\Desktop\\programming\\work\\ghostsentry\\ModelControllerView\\Server.js"]}
ERROR - 12/20/2024 17:48:50 --> User "Campbell Simpson" tried to access non-existant page "/login".
ERROR - 12/20/2024 17:48:50 --> {"code":"MODULE_NOT_FOUND","requireStack":["C:\\Users\\Curse\\Desktop\\programming\\work\\ghostsentry\\ModelControllerView\\Lib.js","C:\\Users\\Curse\\Desktop\\programming\\work\\ghostsentry\\ModelControllerView\\Server.js"]}
ERROR - 12/20/2024 17:48:50 --> User "Campbell Simpson" tried to access non-existant page "/login".
ERROR - 12/20/2024 17:48:50 --> {"code":"MODULE_NOT_FOUND","requireStack":["C:\\Users\\Curse\\Desktop\\programming\\work\\ghostsentry\\ModelControllerView\\Lib.js","C:\\Users\\Curse\\Desktop\\programming\\work\\ghostsentry\\ModelControllerView\\Server.js"]}
ERROR - 12/20/2024 17:48:50 --> User "Campbell Simpson" tried to access non-existant page "/login".
ERROR - 12/20/2024 17:48:50 --> {"code":"MODULE_NOT_FOUND","requireStack":["C:\\Users\\Curse\\Desktop\\programming\\work\\ghostsentry\\ModelControllerView\\Lib.js","C:\\Users\\Curse\\Desktop\\programming\\work\\ghostsentry\\ModelControllerView\\Server.js"]}
ERROR - 12/20/2024 17:48:50 --> User "Campbell Simpson" tried to access non-existant page "/login".
ERROR - 12/20/2024 17:48:50 --> {"code":"MODULE_NOT_FOUND","requireStack":["C:\\Users\\Curse\\Desktop\\programming\\work\\ghostsentry\\ModelControllerView\\Lib.js","C:\\Users\\Curse\\Desktop\\programming\\work\\ghostsentry\\ModelControllerView\\Server.js"]}
ERROR - 12/20/2024 17:48:50 --> User "Campbell Simpson" tried to access non-existant page "/login".
ERROR - 12/20/2024 17:48:50 --> {"code":"MODULE_NOT_FOUND","requireStack":["C:\\Users\\Curse\\Desktop\\programming\\work\\ghostsentry\\ModelControllerView\\Lib.js","C:\\Users\\Curse\\Desktop\\programming\\work\\ghostsentry\\ModelControllerView\\Server.js"]}
ERROR - 12/20/2024 17:48:50 --> User "Campbell Simpson" tried to access non-existant page "/login".
ERROR - 12/20/2024 17:48:50 --> {"code":"MODULE_NOT_FOUND","requireStack":["C:\\Users\\Curse\\Desktop\\programming\\work\\ghostsentry\\ModelControllerView\\Lib.js","C:\\Users\\Curse\\Desktop\\programming\\work\\ghostsentry\\ModelControllerView\\Server.js"]}
ERROR - 12/20/2024 17:48:50 --> User "Campbell Simpson" tried to access non-existant page "/login".
ERROR - 12/20/2024 17:48:51 --> {"code":"MODULE_NOT_FOUND","requireStack":["C:\\Users\\Curse\\Desktop\\programming\\work\\ghostsentry\\ModelControllerView\\Lib.js","C:\\Users\\Curse\\Desktop\\programming\\work\\ghostsentry\\ModelControllerView\\Server.js"]}
ERROR - 12/20/2024 17:48:51 --> User "Campbell Simpson" tried to access non-existant page "/login".
ERROR - 12/20/2024 17:48:51 --> {"code":"MODULE_NOT_FOUND","requireStack":["C:\\Users\\Curse\\Desktop\\programming\\work\\ghostsentry\\ModelControllerView\\Lib.js","C:\\Users\\Curse\\Desktop\\programming\\work\\ghostsentry\\ModelControllerView\\Server.js"]}
ERROR - 12/20/2024 17:48:51 --> User "Campbell Simpson" tried to access non-existant page "/login".
ERROR - 12/20/2024 17:48:51 --> {"code":"MODULE_NOT_FOUND","requireStack":["C:\\Users\\Curse\\Desktop\\programming\\work\\ghostsentry\\ModelControllerView\\Lib.js","C:\\Users\\Curse\\Desktop\\programming\\work\\ghostsentry\\ModelControllerView\\Server.js"]}
ERROR - 12/20/2024 17:48:51 --> User "Campbell Simpson" tried to access non-existant page "/login".
ERROR - 12/20/2024 17:48:51 --> {"code":"MODULE_NOT_FOUND","requireStack":["C:\\Users\\Curse\\Desktop\\programming\\work\\ghostsentry\\ModelControllerView\\Lib.js","C:\\Users\\Curse\\Desktop\\programming\\work\\ghostsentry\\ModelControllerView\\Server.js"]}
ERROR - 12/20/2024 17:48:51 --> User "Campbell Simpson" tried to access non-existant page "/login".
ERROR - 12/20/2024 17:48:51 --> {"code":"MODULE_NOT_FOUND","requireStack":["C:\\Users\\Curse\\Desktop\\programming\\work\\ghostsentry\\ModelControllerView\\Lib.js","C:\\Users\\Curse\\Desktop\\programming\\work\\ghostsentry\\ModelControllerView\\Server.js"]}
ERROR - 12/20/2024 17:48:51 --> User "Campbell Simpson" tried to access non-existant page "/login".
ERROR - 12/20/2024 17:48:51 --> {"code":"MODULE_NOT_FOUND","requireStack":["C:\\Users\\Curse\\Desktop\\programming\\work\\ghostsentry\\ModelControllerView\\Lib.js","C:\\Users\\Curse\\Desktop\\programming\\work\\ghostsentry\\ModelControllerView\\Server.js"]}
ERROR - 12/20/2024 17:48:51 --> User "Campbell Simpson" tried to access non-existant page "/login".
ERROR - 12/20/2024 17:48:51 --> {"code":"MODULE_NOT_FOUND","requireStack":["C:\\Users\\Curse\\Desktop\\programming\\work\\ghostsentry\\ModelControllerView\\Lib.js","C:\\Users\\Curse\\Desktop\\programming\\work\\ghostsentry\\ModelControllerView\\Server.js"]}
ERROR - 12/20/2024 17:48:51 --> User "Campbell Simpson" tried to access non-existant page "/login".
ERROR - 12/20/2024 17:48:51 --> {"code":"MODULE_NOT_FOUND","requireStack":["C:\\Users\\Curse\\Desktop\\programming\\work\\ghostsentry\\ModelControllerView\\Lib.js","C:\\Users\\Curse\\Desktop\\programming\\work\\ghostsentry\\ModelControllerView\\Server.js"]}
ERROR - 12/20/2024 17:48:51 --> User "Campbell Simpson" tried to access non-existant page "/login".
ERROR - 12/20/2024 17:48:51 --> {"code":"MODULE_NOT_FOUND","requireStack":["C:\\Users\\Curse\\Desktop\\programming\\work\\ghostsentry\\ModelControllerView\\Lib.js","C:\\Users\\Curse\\Desktop\\programming\\work\\ghostsentry\\ModelControllerView\\Server.js"]}
ERROR - 12/20/2024 17:48:51 --> User "Campbell Simpson" tried to access non-existant page "/login".
ERROR - 12/20/2024 17:48:51 --> {"code":"MODULE_NOT_FOUND","requireStack":["C:\\Users\\Curse\\Desktop\\programming\\work\\ghostsentry\\ModelControllerView\\Lib.js","C:\\Users\\Curse\\Desktop\\programming\\work\\ghostsentry\\ModelControllerView\\Server.js"]}
ERROR - 12/20/2024 17:48:51 --> User "Campbell Simpson" tried to access non-existant page "/login".
ERROR - 12/20/2024 17:48:51 --> {"code":"MODULE_NOT_FOUND","requireStack":["C:\\Users\\Curse\\Desktop\\programming\\work\\ghostsentry\\ModelControllerView\\Lib.js","C:\\Users\\Curse\\Desktop\\programming\\work\\ghostsentry\\ModelControllerView\\Server.js"]}
ERROR - 12/20/2024 17:48:51 --> User "Campbell Simpson" tried to access non-existant page "/login".
ERROR - 12/20/2024 17:48:51 --> {"code":"MODULE_NOT_FOUND","requireStack":["C:\\Users\\Curse\\Desktop\\programming\\work\\ghostsentry\\ModelControllerView\\Lib.js","C:\\Users\\Curse\\Desktop\\programming\\work\\ghostsentry\\ModelControllerView\\Server.js"]}
ERROR - 12/20/2024 17:48:51 --> User "Campbell Simpson" tried to access non-existant page "/login".
ERROR - 12/20/2024 17:48:51 --> {"code":"MODULE_NOT_FOUND","requireStack":["C:\\Users\\Curse\\Desktop\\programming\\work\\ghostsentry\\ModelControllerView\\Lib.js","C:\\Users\\Curse\\Desktop\\programming\\work\\ghostsentry\\ModelControllerView\\Server.js"]}
ERROR - 12/20/2024 17:48:51 --> User "Campbell Simpson" tried to access non-existant page "/login".
ERROR - 12/20/2024 17:48:51 --> {"code":"MODULE_NOT_FOUND","requireStack":["C:\\Users\\Curse\\Desktop\\programming\\work\\ghostsentry\\ModelControllerView\\Lib.js","C:\\Users\\Curse\\Desktop\\programming\\work\\ghostsentry\\ModelControllerView\\Server.js"]}
ERROR - 12/20/2024 17:48:51 --> User "Campbell Simpson" tried to access non-existant page "/login".
ERROR - 12/20/2024 17:48:51 --> {"code":"MODULE_NOT_FOUND","requireStack":["C:\\Users\\Curse\\Desktop\\programming\\work\\ghostsentry\\ModelControllerView\\Lib.js","C:\\Users\\Curse\\Desktop\\programming\\work\\ghostsentry\\ModelControllerView\\Server.js"]}
ERROR - 12/20/2024 17:48:51 --> User "Campbell Simpson" tried to access non-existant page "/login".
ERROR - 12/20/2024 17:48:51 --> {"code":"MODULE_NOT_FOUND","requireStack":["C:\\Users\\Curse\\Desktop\\programming\\work\\ghostsentry\\ModelControllerView\\Lib.js","C:\\Users\\Curse\\Desktop\\programming\\work\\ghostsentry\\ModelControllerView\\Server.js"]}
ERROR - 12/20/2024 17:48:51 --> User "Campbell Simpson" tried to access non-existant page "/login".
ERROR - 12/20/2024 17:48:51 --> {"code":"MODULE_NOT_FOUND","requireStack":["C:\\Users\\Curse\\Desktop\\programming\\work\\ghostsentry\\ModelControllerView\\Lib.js","C:\\Users\\Curse\\Desktop\\programming\\work\\ghostsentry\\ModelControllerView\\Server.js"]}
ERROR - 12/20/2024 17:48:51 --> User "Campbell Simpson" tried to access non-existant page "/login".
ERROR - 12/20/2024 17:48:51 --> {"code":"MODULE_NOT_FOUND","requireStack":["C:\\Users\\Curse\\Desktop\\programming\\work\\ghostsentry\\ModelControllerView\\Lib.js","C:\\Users\\Curse\\Desktop\\programming\\work\\ghostsentry\\ModelControllerView\\Server.js"]}
ERROR - 12/20/2024 17:48:51 --> User "Campbell Simpson" tried to access non-existant page "/login".
ERROR - 12/20/2024 17:48:51 --> {"code":"MODULE_NOT_FOUND","requireStack":["C:\\Users\\Curse\\Desktop\\programming\\work\\ghostsentry\\ModelControllerView\\Lib.js","C:\\Users\\Curse\\Desktop\\programming\\work\\ghostsentry\\ModelControllerView\\Server.js"]}
ERROR - 12/20/2024 17:48:51 --> User "Campbell Simpson" tried to access non-existant page "/login".
ERROR - 12/20/2024 17:48:51 --> {"code":"MODULE_NOT_FOUND","requireStack":["C:\\Users\\Curse\\Desktop\\programming\\work\\ghostsentry\\ModelControllerView\\Lib.js","C:\\Users\\Curse\\Desktop\\programming\\work\\ghostsentry\\ModelControllerView\\Server.js"]}
ERROR - 12/20/2024 17:48:51 --> User "Campbell Simpson" tried to access non-existant page "/login".
ERROR - 12/20/2024 17:50:35 --> /Warning: key "pageHeader" not found on object "".
ERROR - 12/20/2024 17:51:15 --> /Warning: key "pageHeader" not found on object "".
ERROR - 12/20/2024 17:51:20 --> USER/Warning: key "pageEditable" not found on object "".
ERROR - 12/20/2024 17:51:20 --> USER/Warning: key "message" not found on object "".
ERROR - 12/20/2024 17:51:25 --> /Warning: key "pageHeader" not found on object "".
ERROR - 12/20/2024 17:52:04 --> /Warning: key "pageHeader" not found on object "".
ERROR - 12/20/2024 17:52:34 --> /Warning: key "pageHeader" not found on object "".
ERROR - 12/20/2024 17:52:38 --> USER/Warning: key "pageEditable" not found on object "".
ERROR - 12/20/2024 17:52:38 --> USER/Warning: key "message" not found on object "".
ERROR - 12/20/2024 17:52:39 --> /Warning: key "pageHeader" not found on object "".
ERROR - 01/07/2025 12:31:33 --> /Warning: key "pageHeader" not found on object "".
ERROR - 01/07/2025 13:05:50 --> /Warning: key "site_title" not found on object "".
ERROR - 01/07/2025 13:05:50 --> /Warning: key "pageTitle" not found on object "".
ERROR - 01/07/2025 13:07:20 --> /Warning: key "site_title" not found on object "".
ERROR - 01/07/2025 13:07:20 --> /Warning: key "pageTitle" not found on object "".
ERROR - 01/07/2025 13:20:21 --> USER/Warning: key "pageEditable" not found on object "".
ERROR - 01/07/2025 13:20:21 --> USER/Warning: key "message" not found on object "".
ERROR - 01/07/2025 13:36:34 --> USER/Warning: key "pageEditable" not found on object "".
ERROR - 01/07/2025 13:36:34 --> USER/Warning: key "message" not found on object "".
ERROR - 01/07/2025 13:44:51 --> USER/Warning: key "pageEditable" not found on object "".
ERROR - 01/07/2025 13:44:51 --> USER/Warning: key "message" not found on object "".
ERROR - 01/09/2025 12:30:48 --> USER/Warning: key "pageEditable" not found on object "".
ERROR - 01/09/2025 12:30:48 --> USER/Warning: key "message" not found on object "".
ERROR - 01/09/2025 12:31:03 --> USER/Warning: key "pageEditable" not found on object "".
ERROR - 01/09/2025 12:31:03 --> USER/Warning: key "message" not found on object "".
ERROR - 01/09/2025 12:34:20 --> USER/Warning: key "pageEditable" not found on object "".
ERROR - 01/09/2025 12:34:20 --> USER/Warning: key "message" not found on object "".
ERROR - 01/09/2025 12:34:26 --> USER/Warning: key "pageEditable" not found on object "".
ERROR - 01/09/2025 12:34:26 --> USER/Warning: key "message" not found on object "".
ERROR - 06/26/2025 09:55:07 --> /Warning: key "pageHeader" not found on object "".
ERROR - 06/26/2025 09:55:46 --> /Warning: key "pageHeader" not found on object "".
ERROR - 06/26/2025 09:57:35 --> /Warning: key "pageHeader" not found on object "".
ERROR - 06/26/2025 10:03:23 --> /Warning: key "pageHeader" not found on object "".
ERROR - 06/26/2025 10:04:21 --> /Warning: key "pageHeader" not found on object "".
ERROR - 06/26/2025 10:04:22 --> /Warning: key "pageHeader" not found on object "".
ERROR - 06/26/2025 10:04:23 --> /Warning: key "pageHeader" not found on object "".
ERROR - 06/26/2025 10:04:33 --> /Warning: key "pageHeader" not found on object "".
ERROR - 06/26/2025 10:05:02 --> /Warning: key "pageHeader" not found on object "".
ERROR - 06/26/2025 10:05:37 --> /Warning: key "pageHeader" not found on object "".
ERROR - 06/26/2025 10:24:00 --> BASE: "Error": ENOENT: no such file or directory, stat 'C:\REsources\img\photos\buildingsIndex.json'
ERROR - 06/26/2025 10:24:33 --> "Error": ENOENT: no such file or directory, stat 'C:\Users\Curse\Desktop\programming\work\BnSSB\websiteC:\Users\Curse\Desktop\programming\work\BnSSB\website\Resources\img\favicon.ico'
ERROR - 06/26/2025 10:25:19 --> BASE: "Error": ENOENT: no such file or directory, stat 'C:\Users\Curse\Desktop\programming\work\BnSSB\website\Controllers\Resources\img\photos\buildingsIndex.json'
ERROR - 06/26/2025 10:25:20 --> BASE: "Error": ENOENT: no such file or directory, stat 'C:\Users\Curse\Desktop\programming\work\BnSSB\website\Controllers\Resources\img\photos\buildingsIndex.json'
ERROR - 06/26/2025 10:26:15 --> BASE: "Error": ENOENT: no such file or directory, stat 'C:\Users\Curse\Desktop\programming\work\BnSSB\website\Controllers\Resources\img\photos\buildingsIndex.json'
ERROR - 06/26/2025 10:26:31 --> BASE: "Error": ENOENT: no such file or directory, stat 'C:\Users\Curse\Desktop\programming\work\BnSSB\website\Controllers\Resources\img\photos\buildingsIndex.json'
ERROR - 06/26/2025 10:27:20 --> BASE: "Error": ENOENT: no such file or directory, stat 'C:\Users\Curse\Desktop\programming\work\BnSSB\website\Controllers\Resources\img\photos\buildingsIndex.json'
ERROR - 06/26/2025 10:27:45 --> BASE: "Error": ENOENT: no such file or directory, stat 'C:\Users\Curse\Desktop\programming\work\BnSSB\website\Controllers\Resources\img\photos\buildingsIndex.json'
ERROR - 06/26/2025 10:28:17 --> BASE: "Error": ENOENT: no such file or directory, stat 'C:\Users\Curse\Desktop\programming\work\BnSSB\website\Controllers\Resources\img\photos\buildingsIndex.json'
ERROR - 06/26/2025 10:29:08 --> /Warning: key "pageHeader" not found on object "".
ERROR - 06/26/2025 10:30:01 --> /Warning: key "pageHeader" not found on object "".
ERROR - 06/26/2025 10:30:03 --> /Warning: key "pageHeader" not found on object "".
ERROR - 06/26/2025 10:32:06 --> /Warning: key "pageHeader" not found on object "".
ERROR - 06/26/2025 10:34:19 --> /Warning: key "pageHeader" not found on object "".
ERROR - 06/26/2025 10:34:35 --> /Warning: key "pageHeader" not found on object "".
ERROR - 06/26/2025 10:35:03 --> /Warning: key "pageHeader" not found on object "".
ERROR - 06/26/2025 10:38:56 --> /Warning: key "pageHeader" not found on object "".
ERROR - 06/26/2025 10:39:11 --> /Warning: key "pageHeader" not found on object "".
ERROR - 06/26/2025 10:39:37 --> /Warning: key "pageHeader" not found on object "".
ERROR - 06/26/2025 10:39:59 --> /Warning: key "pageHeader" not found on object "".
ERROR - 06/26/2025 10:40:39 --> /Warning: key "pageHeader" not found on object "".
ERROR - 06/26/2025 10:40:56 --> /Warning: key "pageHeader" not found on object "".
ERROR - 06/26/2025 10:41:11 --> /Warning: key "pageHeader" not found on object "".
ERROR - 06/26/2025 10:41:37 --> /Warning: key "pageHeader" not found on object "".
ERROR - 06/26/2025 10:50:55 --> /Warning: key "pageHeader" not found on object "".
ERROR - 06/26/2025 10:50:55 --> "Error": ENOENT: no such file or directory, stat 'C:\Users\Curse\Desktop\programming\work\BnSSB\website\Resources\img\missing.\img\photos\one_1.png'
ERROR - 06/26/2025 10:50:55 --> "Error": ENOENT: no such file or directory, stat 'C:\Users\Curse\Desktop\programming\work\BnSSB\website\Resources\img\missing.\img\photos\one_2.png'
ERROR - 06/26/2025 10:50:55 --> "Error": ENOENT: no such file or directory, stat 'C:\Users\Curse\Desktop\programming\work\BnSSB\website\Resources\img\missing.\img\photos\two_1.png'
ERROR - 06/26/2025 10:50:55 --> "Error": ENOENT: no such file or directory, stat 'C:\Users\Curse\Desktop\programming\work\BnSSB\website\Resources\img\missing.\img\photos\two_2.png'
ERROR - 06/26/2025 10:50:55 --> "Error": ENOENT: no such file or directory, stat 'C:\Users\Curse\Desktop\programming\work\BnSSB\website\Resources\img\missing.\img\photos\two_3.png'
ERROR - 06/26/2025 10:50:55 --> "Error": ENOENT: no such file or directory, stat 'C:\Users\Curse\Desktop\programming\work\BnSSB\website\Resources\img\missing.\img\photos\two_4.png'
ERROR - 06/26/2025 10:50:55 --> "Error": ENOENT: no such file or directory, stat 'C:\Users\Curse\Desktop\programming\work\BnSSB\website\Resources\img\missing.\img\photos\two_5.png'
ERROR - 06/26/2025 10:50:55 --> "Error": ENOENT: no such file or directory, stat 'C:\Users\Curse\Desktop\programming\work\BnSSB\website\Resources\img\missing.\img\photos\three_1.png'
ERROR - 06/26/2025 10:50:55 --> "Error": ENOENT: no such file or directory, stat 'C:\Users\Curse\Desktop\programming\work\BnSSB\website\Resources\img\missing.\img\photos\three_2.png'
ERROR - 06/26/2025 10:50:55 --> "Error": ENOENT: no such file or directory, stat 'C:\Users\Curse\Desktop\programming\work\BnSSB\website\Resources\img\missing.\img\photos\four_1.png'
ERROR - 06/26/2025 10:50:55 --> "Error": ENOENT: no such file or directory, stat 'C:\Users\Curse\Desktop\programming\work\BnSSB\website\Resources\img\missing.\img\photos\five_1.png'
ERROR - 06/26/2025 10:50:55 --> "Error": ENOENT: no such file or directory, stat 'C:\Users\Curse\Desktop\programming\work\BnSSB\website\Resources\img\missing.\img\photos\five_2.png'
ERROR - 06/26/2025 10:50:55 --> "Error": ENOENT: no such file or directory, stat 'C:\Users\Curse\Desktop\programming\work\BnSSB\website\Resources\img\missing.\img\photos\five_3.png'
ERROR - 06/26/2025 10:50:55 --> "Error": ENOENT: no such file or directory, stat 'C:\Users\Curse\Desktop\programming\work\BnSSB\website\Resources\img\missing.\img\photos\five_4.png'
ERROR - 06/26/2025 10:50:55 --> "Error": ENOENT: no such file or directory, stat 'C:\Users\Curse\Desktop\programming\work\BnSSB\website\Resources\img\missing.\img\photos\five_5.png'
ERROR - 06/26/2025 10:51:12 --> /Warning: key "pageHeader" not found on object "".
ERROR - 06/26/2025 10:51:12 --> "Error": ENOENT: no such file or directory, stat 'C:\Users\Curse\Desktop\programming\work\BnSSB\website\Resources\img\missing.\img\photos\one_1.png'
ERROR - 06/26/2025 10:51:12 --> "Error": ENOENT: no such file or directory, stat 'C:\Users\Curse\Desktop\programming\work\BnSSB\website\Resources\img\missing.\img\photos\one_2.png'
ERROR - 06/26/2025 10:51:12 --> "Error": ENOENT: no such file or directory, stat 'C:\Users\Curse\Desktop\programming\work\BnSSB\website\Resources\img\missing.\img\photos\two_1.png'
ERROR - 06/26/2025 10:51:12 --> "Error": ENOENT: no such file or directory, stat 'C:\Users\Curse\Desktop\programming\work\BnSSB\website\Resources\img\missing.\img\photos\two_2.png'
ERROR - 06/26/2025 10:51:12 --> "Error": ENOENT: no such file or directory, stat 'C:\Users\Curse\Desktop\programming\work\BnSSB\website\Resources\img\missing.\img\photos\two_3.png'
ERROR - 06/26/2025 10:51:12 --> "Error": ENOENT: no such file or directory, stat 'C:\Users\Curse\Desktop\programming\work\BnSSB\website\Resources\img\missing.\img\photos\two_5.png'
ERROR - 06/26/2025 10:51:12 --> "Error": ENOENT: no such file or directory, stat 'C:\Users\Curse\Desktop\programming\work\BnSSB\website\Resources\img\missing.\img\photos\two_4.png'
ERROR - 06/26/2025 10:51:12 --> "Error": ENOENT: no such file or directory, stat 'C:\Users\Curse\Desktop\programming\work\BnSSB\website\Resources\img\missing.\img\photos\three_1.png'
ERROR - 06/26/2025 10:51:12 --> "Error": ENOENT: no such file or directory, stat 'C:\Users\Curse\Desktop\programming\work\BnSSB\website\Resources\img\missing.\img\photos\three_2.png'
ERROR - 06/26/2025 10:51:12 --> "Error": ENOENT: no such file or directory, stat 'C:\Users\Curse\Desktop\programming\work\BnSSB\website\Resources\img\missing.\img\photos\four_1.png'
ERROR - 06/26/2025 10:51:12 --> "Error": ENOENT: no such file or directory, stat 'C:\Users\Curse\Desktop\programming\work\BnSSB\website\Resources\img\missing.\img\photos\five_1.png'
ERROR - 06/26/2025 10:51:12 --> "Error": ENOENT: no such file or directory, stat 'C:\Users\Curse\Desktop\programming\work\BnSSB\website\Resources\img\missing.\img\photos\five_2.png'
ERROR - 06/26/2025 10:51:12 --> "Error": ENOENT: no such file or directory, stat 'C:\Users\Curse\Desktop\programming\work\BnSSB\website\Resources\img\missing.\img\photos\five_3.png'
ERROR - 06/26/2025 10:51:12 --> "Error": ENOENT: no such file or directory, stat 'C:\Users\Curse\Desktop\programming\work\BnSSB\website\Resources\img\missing.\img\photos\five_5.png'
ERROR - 06/26/2025 10:51:12 --> "Error": ENOENT: no such file or directory, stat 'C:\Users\Curse\Desktop\programming\work\BnSSB\website\Resources\img\missing.\img\photos\five_4.png'
ERROR - 06/26/2025 10:51:14 --> /Warning: key "pageHeader" not found on object "".
ERROR - 06/26/2025 10:51:14 --> "Error": ENOENT: no such file or directory, stat 'C:\Users\Curse\Desktop\programming\work\BnSSB\website\Resources\img\missing.\img\photos\one_1.png'
ERROR - 06/26/2025 10:51:14 --> "Error": ENOENT: no such file or directory, stat 'C:\Users\Curse\Desktop\programming\work\BnSSB\website\Resources\img\missing.\img\photos\one_2.png'
ERROR - 06/26/2025 10:51:14 --> "Error": ENOENT: no such file or directory, stat 'C:\Users\Curse\Desktop\programming\work\BnSSB\website\Resources\img\missing.\img\photos\two_1.png'
ERROR - 06/26/2025 10:51:14 --> "Error": ENOENT: no such file or directory, stat 'C:\Users\Curse\Desktop\programming\work\BnSSB\website\Resources\img\missing.\img\photos\two_2.png'
ERROR - 06/26/2025 10:51:14 --> "Error": ENOENT: no such file or directory, stat 'C:\Users\Curse\Desktop\programming\work\BnSSB\website\Resources\img\missing.\img\photos\two_3.png'
ERROR - 06/26/2025 10:51:14 --> "Error": ENOENT: no such file or directory, stat 'C:\Users\Curse\Desktop\programming\work\BnSSB\website\Resources\img\missing.\img\photos\two_4.png'
ERROR - 06/26/2025 10:51:14 --> "Error": ENOENT: no such file or directory, stat 'C:\Users\Curse\Desktop\programming\work\BnSSB\website\Resources\img\missing.\img\photos\two_5.png'
ERROR - 06/26/2025 10:51:14 --> "Error": ENOENT: no such file or directory, stat 'C:\Users\Curse\Desktop\programming\work\BnSSB\website\Resources\img\missing.\img\photos\three_1.png'
ERROR - 06/26/2025 10:51:14 --> "Error": ENOENT: no such file or directory, stat 'C:\Users\Curse\Desktop\programming\work\BnSSB\website\Resources\img\missing.\img\photos\three_2.png'
ERROR - 06/26/2025 10:51:14 --> "Error": ENOENT: no such file or directory, stat 'C:\Users\Curse\Desktop\programming\work\BnSSB\website\Resources\img\missing.\img\photos\four_1.png'
ERROR - 06/26/2025 10:51:14 --> "Error": ENOENT: no such file or directory, stat 'C:\Users\Curse\Desktop\programming\work\BnSSB\website\Resources\img\missing.\img\photos\five_1.png'
ERROR - 06/26/2025 10:51:14 --> "Error": ENOENT: no such file or directory, stat 'C:\Users\Curse\Desktop\programming\work\BnSSB\website\Resources\img\missing.\img\photos\five_2.png'
ERROR - 06/26/2025 10:51:14 --> "Error": ENOENT: no such file or directory, stat 'C:\Users\Curse\Desktop\programming\work\BnSSB\website\Resources\img\missing.\img\photos\five_3.png'
ERROR - 06/26/2025 10:51:14 --> "Error": ENOENT: no such file or directory, stat 'C:\Users\Curse\Desktop\programming\work\BnSSB\website\Resources\img\missing.\img\photos\five_4.png'
ERROR - 06/26/2025 10:51:14 --> "Error": ENOENT: no such file or directory, stat 'C:\Users\Curse\Desktop\programming\work\BnSSB\website\Resources\img\missing.\img\photos\five_5.png'
ERROR - 06/26/2025 10:51:15 --> /Warning: key "pageHeader" not found on object "".
ERROR - 06/26/2025 10:51:15 --> "Error": ENOENT: no such file or directory, stat 'C:\Users\Curse\Desktop\programming\work\BnSSB\website\Resources\img\missing.\img\photos\one_1.png'
ERROR - 06/26/2025 10:51:15 --> "Error": ENOENT: no such file or directory, stat 'C:\Users\Curse\Desktop\programming\work\BnSSB\website\Resources\img\missing.\img\photos\one_2.png'
ERROR - 06/26/2025 10:51:15 --> "Error": ENOENT: no such file or directory, stat 'C:\Users\Curse\Desktop\programming\work\BnSSB\website\Resources\img\missing.\img\photos\two_1.png'
ERROR - 06/26/2025 10:51:15 --> "Error": ENOENT: no such file or directory, stat 'C:\Users\Curse\Desktop\programming\work\BnSSB\website\Resources\img\missing.\img\photos\two_2.png'
ERROR - 06/26/2025 10:51:15 --> "Error": ENOENT: no such file or directory, stat 'C:\Users\Curse\Desktop\programming\work\BnSSB\website\Resources\img\missing.\img\photos\two_3.png'
ERROR - 06/26/2025 10:51:15 --> "Error": ENOENT: no such file or directory, stat 'C:\Users\Curse\Desktop\programming\work\BnSSB\website\Resources\img\missing.\img\photos\two_4.png'
ERROR - 06/26/2025 10:51:15 --> "Error": ENOENT: no such file or directory, stat 'C:\Users\Curse\Desktop\programming\work\BnSSB\website\Resources\img\missing.\img\photos\two_5.png'
ERROR - 06/26/2025 10:51:15 --> "Error": ENOENT: no such file or directory, stat 'C:\Users\Curse\Desktop\programming\work\BnSSB\website\Resources\img\missing.\img\photos\five_3.png'
ERROR - 06/26/2025 10:51:15 --> "Error": ENOENT: no such file or directory, stat 'C:\Users\Curse\Desktop\programming\work\BnSSB\website\Resources\img\missing.\img\photos\five_5.png'
ERROR - 06/26/2025 10:51:15 --> "Error": ENOENT: no such file or directory, stat 'C:\Users\Curse\Desktop\programming\work\BnSSB\website\Resources\img\missing.\img\photos\five_2.png'
ERROR - 06/26/2025 10:51:15 --> "Error": ENOENT: no such file or directory, stat 'C:\Users\Curse\Desktop\programming\work\BnSSB\website\Resources\img\missing.\img\photos\three_2.png'
ERROR - 06/26/2025 10:51:15 --> "Error": ENOENT: no such file or directory, stat 'C:\Users\Curse\Desktop\programming\work\BnSSB\website\Resources\img\missing.\img\photos\four_1.png'
ERROR - 06/26/2025 10:51:15 --> "Error": ENOENT: no such file or directory, stat 'C:\Users\Curse\Desktop\programming\work\BnSSB\website\Resources\img\missing.\img\photos\five_1.png'
ERROR - 06/26/2025 10:51:15 --> "Error": ENOENT: no such file or directory, stat 'C:\Users\Curse\Desktop\programming\work\BnSSB\website\Resources\img\missing.\img\photos\three_1.png'
ERROR - 06/26/2025 10:51:15 --> "Error": ENOENT: no such file or directory, stat 'C:\Users\Curse\Desktop\programming\work\BnSSB\website\Resources\img\missing.\img\photos\five_4.png'
ERROR - 06/26/2025 10:51:16 --> /Warning: key "pageHeader" not found on object "".
ERROR - 06/26/2025 10:51:16 --> "Error": ENOENT: no such file or directory, stat 'C:\Users\Curse\Desktop\programming\work\BnSSB\website\Resources\img\missing.\img\photos\one_1.png'
ERROR - 06/26/2025 10:51:16 --> "Error": ENOENT: no such file or directory, stat 'C:\Users\Curse\Desktop\programming\work\BnSSB\website\Resources\img\missing.\img\photos\one_2.png'
ERROR - 06/26/2025 10:51:16 --> "Error": ENOENT: no such file or directory, stat 'C:\Users\Curse\Desktop\programming\work\BnSSB\website\Resources\img\missing.\img\photos\two_1.png'
ERROR - 06/26/2025 10:51:16 --> "Error": ENOENT: no such file or directory, stat 'C:\Users\Curse\Desktop\programming\work\BnSSB\website\Resources\img\missing.\img\photos\two_2.png'
ERROR - 06/26/2025 10:51:16 --> "Error": ENOENT: no such file or directory, stat 'C:\Users\Curse\Desktop\programming\work\BnSSB\website\Resources\img\missing.\img\photos\two_3.png'
ERROR - 06/26/2025 10:51:16 --> "Error": ENOENT: no such file or directory, stat 'C:\Users\Curse\Desktop\programming\work\BnSSB\website\Resources\img\missing.\img\photos\two_4.png'
ERROR - 06/26/2025 10:51:16 --> "Error": ENOENT: no such file or directory, stat 'C:\Users\Curse\Desktop\programming\work\BnSSB\website\Resources\img\missing.\img\photos\two_5.png'
ERROR - 06/26/2025 10:51:16 --> "Error": ENOENT: no such file or directory, stat 'C:\Users\Curse\Desktop\programming\work\BnSSB\website\Resources\img\missing.\img\photos\three_1.png'
ERROR - 06/26/2025 10:51:16 --> "Error": ENOENT: no such file or directory, stat 'C:\Users\Curse\Desktop\programming\work\BnSSB\website\Resources\img\missing.\img\photos\three_2.png'
ERROR - 06/26/2025 10:51:16 --> "Error": ENOENT: no such file or directory, stat 'C:\Users\Curse\Desktop\programming\work\BnSSB\website\Resources\img\missing.\img\photos\four_1.png'
ERROR - 06/26/2025 10:51:16 --> "Error": ENOENT: no such file or directory, stat 'C:\Users\Curse\Desktop\programming\work\BnSSB\website\Resources\img\missing.\img\photos\five_1.png'
ERROR - 06/26/2025 10:51:16 --> "Error": ENOENT: no such file or directory, stat 'C:\Users\Curse\Desktop\programming\work\BnSSB\website\Resources\img\missing.\img\photos\five_2.png'
ERROR - 06/26/2025 10:51:16 --> "Error": ENOENT: no such file or directory, stat 'C:\Users\Curse\Desktop\programming\work\BnSSB\website\Resources\img\missing.\img\photos\five_3.png'
ERROR - 06/26/2025 10:51:16 --> "Error": ENOENT: no such file or directory, stat 'C:\Users\Curse\Desktop\programming\work\BnSSB\website\Resources\img\missing.\img\photos\five_4.png'
ERROR - 06/26/2025 10:51:16 --> "Error": ENOENT: no such file or directory, stat 'C:\Users\Curse\Desktop\programming\work\BnSSB\website\Resources\img\missing.\img\photos\five_5.png'
ERROR - 06/26/2025 10:51:23 --> /Warning: key "pageHeader" not found on object "".
ERROR - 06/26/2025 10:51:41 --> /Warning: key "pageHeader" not found on object "".
ERROR - 06/26/2025 10:54:53 --> /Warning: key "pageHeader" not found on object "".
ERROR - 06/26/2025 10:56:14 --> /Warning: key "pageHeader" not found on object "".
ERROR - 06/26/2025 10:56:23 --> /Warning: key "pageHeader" not found on object "".
ERROR - 06/26/2025 10:57:24 --> /Warning: key "pageHeader" not found on object "".
ERROR - 06/26/2025 10:57:49 --> /Warning: key "pageHeader" not found on object "".
ERROR - 06/26/2025 10:58:11 --> /Warning: key "pageHeader" not found on object "".
ERROR - 06/26/2025 10:58:34 --> /Warning: key "pageHeader" not found on object "".
ERROR - 06/26/2025 10:59:01 --> /Warning: key "pageHeader" not found on object "".
ERROR - 06/26/2025 10:59:57 --> /Warning: key "pageHeader" not found on object "".
ERROR - 06/26/2025 11:00:29 --> /Warning: key "pageHeader" not found on object "".
ERROR - 06/26/2025 11:00:47 --> /Warning: key "pageHeader" not found on object "".
ERROR - 06/26/2025 11:01:04 --> /Warning: key "pageHeader" not found on object "".
ERROR - 06/26/2025 11:01:35 --> /Warning: key "pageHeader" not found on object "".
ERROR - 06/26/2025 11:03:27 --> /Warning: key "pageHeader" not found on object "".
ERROR - 06/26/2025 11:04:03 --> /Warning: key "pageHeader" not found on object "".
ERROR - 06/26/2025 11:05:11 --> /Warning: key "pageHeader" not found on object "".
ERROR - 06/26/2025 11:05:46 --> /Warning: key "pageHeader" not found on object "".
ERROR - 06/26/2025 11:05:55 --> /Warning: key "pageHeader" not found on object "".
ERROR - 06/26/2025 11:08:36 --> /Warning: key "pageHeader" not found on object "".
ERROR - 06/26/2025 11:08:54 --> /Warning: key "pageHeader" not found on object "".
ERROR - 06/26/2025 11:09:23 --> /Warning: key "pageHeader" not found on object "".
ERROR - 06/26/2025 11:09:38 --> /Warning: key "pageHeader" not found on object "".
ERROR - 06/26/2025 11:10:15 --> /Warning: key "pageHeader" not found on object "".
ERROR - 06/26/2025 11:10:20 --> /Warning: key "pageHeader" not found on object "".
ERROR - 06/26/2025 11:10:24 --> /Warning: key "pageHeader" not found on object "".
ERROR - 06/26/2025 11:12:15 --> /Warning: key "pageHeader" not found on object "".
ERROR - 06/26/2025 11:12:32 --> /Warning: key "pageHeader" not found on object "".
ERROR - 06/26/2025 11:13:34 --> /Warning: key "pageHeader" not found on object "".
ERROR - 06/26/2025 11:14:02 --> /Warning: key "pageHeader" not found on object "".
ERROR - 06/26/2025 11:14:35 --> /Warning: key "pageHeader" not found on object "".
ERROR - 06/26/2025 11:15:21 --> /Warning: key "pageHeader" not found on object "".
ERROR - 06/26/2025 11:15:34 --> /Warning: key "pageHeader" not found on object "".
ERROR - 06/26/2025 11:15:45 --> /Warning: key "pageHeader" not found on object "".
ERROR - 06/26/2025 11:15:56 --> /Warning: key "pageHeader" not found on object "".
ERROR - 06/26/2025 11:16:06 --> /Warning: key "pageHeader" not found on object "".
ERROR - 06/26/2025 11:16:11 --> /Warning: key "pageHeader" not found on object "".
ERROR - 06/26/2025 11:16:42 --> /Warning: key "pageHeader" not found on object "".
ERROR - 06/26/2025 11:17:29 --> /Warning: key "pageHeader" not found on object "".
ERROR - 06/26/2025 11:17:41 --> /Warning: key "pageHeader" not found on object "".
ERROR - 06/26/2025 11:19:28 --> /Warning: key "pageHeader" not found on object "".
ERROR - 06/26/2025 11:21:12 --> /Warning: key "pageHeader" not found on object "".
ERROR - 06/26/2025 11:21:15 --> /Warning: key "pageHeader" not found on object "".
ERROR - 06/26/2025 11:21:30 --> /Warning: key "pageHeader" not found on object "".
ERROR - 06/26/2025 11:22:19 --> /Warning: key "pageHeader" not found on object "".
ERROR - 06/26/2025 11:22:24 --> /Warning: key "pageHeader" not found on object "".
ERROR - 06/26/2025 11:24:30 --> /Warning: key "pageHeader" not found on object "".
ERROR - 06/26/2025 11:24:51 --> /Warning: key "pageHeader" not found on object "".
ERROR - 06/26/2025 11:24:55 --> /Warning: key "pageHeader" not found on object "".
ERROR - 06/26/2025 11:25:01 --> /Warning: key "pageHeader" not found on object "".
ERROR - 06/26/2025 11:25:04 --> /Warning: key "pageHeader" not found on object "".
ERROR - 06/26/2025 11:25:32 --> /Warning: key "pageHeader" not found on object "".
ERROR - 06/26/2025 11:25:49 --> /Warning: key "pageHeader" not found on object "".
ERROR - 06/26/2025 11:25:59 --> /Warning: key "pageHeader" not found on object "".
ERROR - 06/26/2025 11:26:05 --> /Warning: key "pageHeader" not found on object "".
ERROR - 06/26/2025 11:26:40 --> /Warning: key "pageHeader" not found on object "".
ERROR - 06/26/2025 11:27:36 --> /Warning: key "pageHeader" not found on object "".
ERROR - 06/26/2025 11:27:58 --> /Warning: key "pageHeader" not found on object "".
ERROR - 06/26/2025 11:28:41 --> /Warning: key "pageHeader" not found on object "".
ERROR - 06/26/2025 11:28:53 --> /Warning: key "pageHeader" not found on object "".
ERROR - 06/26/2025 11:29:21 --> /Warning: key "pageHeader" not found on object "".
ERROR - 06/26/2025 11:29:37 --> /Warning: key "pageHeader" not found on object "".
ERROR - 06/26/2025 11:29:41 --> /Warning: key "pageHeader" not found on object "".
ERROR - 06/26/2025 11:36:47 --> /Warning: key "pageHeader" not found on object "".
ERROR - 06/26/2025 11:37:56 --> /Warning: key "pageHeader" not found on object "".
ERROR - 06/26/2025 11:39:06 --> /Warning: key "pageHeader" not found on object "".
ERROR - 06/26/2025 11:40:01 --> /Warning: key "pageHeader" not found on object "".
ERROR - 06/26/2025 11:41:07 --> /Warning: key "pageHeader" not found on object "".
ERROR - 06/26/2025 11:41:49 --> /Warning: key "pageHeader" not found on object "".
ERROR - 06/26/2025 11:42:17 --> /Warning: key "pageHeader" not found on object "".
ERROR - 06/26/2025 11:42:42 --> /Warning: key "pageHeader" not found on object "".
ERROR - 06/26/2025 11:43:57 --> /Warning: key "pageHeader" not found on object "".
ERROR - 06/26/2025 11:44:14 --> /Warning: key "pageHeader" not found on object "".
ERROR - 06/26/2025 11:44:23 --> /Warning: key "pageHeader" not found on object "".
ERROR - 06/26/2025 11:44:30 --> /Warning: key "pageHeader" not found on object "".
ERROR - 06/26/2025 11:44:41 --> /Warning: key "pageHeader" not found on object "".
ERROR - 06/26/2025 11:46:25 --> /Warning: key "pageHeader" not found on object "".
ERROR - 06/26/2025 11:47:32 --> /Warning: key "pageHeader" not found on object "".
ERROR - 06/26/2025 11:47:37 --> /Warning: key "pageHeader" not found on object "".
ERROR - 06/26/2025 11:47:57 --> /Warning: key "pageHeader" not found on object "".
ERROR - 06/26/2025 11:49:28 --> /Warning: key "pageHeader" not found on object "".
ERROR - 06/26/2025 11:50:46 --> /Warning: key "pageHeader" not found on object "".
ERROR - 06/26/2025 11:50:57 --> /Warning: key "pageHeader" not found on object "".
ERROR - 06/26/2025 11:51:05 --> /Warning: key "pageHeader" not found on object "".
ERROR - 06/26/2025 11:52:01 --> /Warning: key "pageHeader" not found on object "".
ERROR - 06/26/2025 11:54:03 --> /Warning: key "pageHeader" not found on object "".
ERROR - 06/26/2025 11:56:02 --> /Warning: key "pageHeader" not found on object "".
ERROR - 06/26/2025 11:56:32 --> /Warning: key "pageHeader" not found on object "".
ERROR - 06/26/2025 11:56:59 --> /Warning: key "pageHeader" not found on object "".
ERROR - 06/26/2025 11:57:24 --> /Warning: key "pageHeader" not found on object "".
ERROR - 06/26/2025 11:58:17 --> /Warning: key "pageHeader" not found on object "".
ERROR - 06/26/2025 11:58:30 --> /Warning: key "pageHeader" not found on object "".
ERROR - 06/26/2025 11:58:44 --> /Warning: key "pageHeader" not found on object "".
ERROR - 06/26/2025 12:00:14 --> /Warning: key "pageHeader" not found on object "".
ERROR - 06/26/2025 12:02:56 --> /Warning: key "pageHeader" not found on object "".
ERROR - 06/26/2025 12:03:05 --> /Warning: key "pageHeader" not found on object "".
ERROR - 06/26/2025 12:04:10 --> /Warning: key "pageHeader" not found on object "".
ERROR - 06/26/2025 12:06:12 --> /Warning: key "pageHeader" not found on object "".
ERROR - 06/26/2025 12:06:20 --> /Warning: key "pageHeader" not found on object "".
ERROR - 06/26/2025 12:06:22 --> /Warning: key "pageHeader" not found on object "".
ERROR - 06/26/2025 12:06:48 --> /Warning: key "pageHeader" not found on object "".
ERROR - 06/26/2025 12:07:01 --> /Warning: key "pageHeader" not found on object "".
ERROR - 06/26/2025 12:08:34 --> /Warning: key "pageHeader" not found on object "".
ERROR - 06/26/2025 12:12:28 --> /Warning: key "pageHeader" not found on object "".
ERROR - 06/26/2025 12:14:19 --> /Warning: key "pageHeader" not found on object "".
ERROR - 06/26/2025 12:15:04 --> /Warning: key "pageHeader" not found on object "".
ERROR - 06/26/2025 12:15:07 --> /Warning: key "pageHeader" not found on object "".
ERROR - 06/26/2025 12:15:29 --> /Warning: key "pageHeader" not found on object "".
ERROR - 06/26/2025 12:17:05 --> /Warning: key "pageHeader" not found on object "".
ERROR - 06/26/2025 12:17:12 --> /Warning: key "pageHeader" not found on object "".
ERROR - 06/26/2025 12:19:28 --> /Warning: key "pageHeader" not found on object "".
ERROR - 06/26/2025 12:19:38 --> /Warning: key "pageHeader" not found on object "".
ERROR - 06/26/2025 12:19:58 --> /Warning: key "pageHeader" not found on object "".
ERROR - 06/26/2025 12:20:39 --> /Warning: key "pageHeader" not found on object "".
ERROR - 06/26/2025 12:20:51 --> /Warning: key "pageHeader" not found on object "".
ERROR - 06/26/2025 12:21:10 --> /Warning: key "pageHeader" not found on object "".
ERROR - 06/26/2025 12:21:25 --> /Warning: key "pageHeader" not found on object "".
ERROR - 06/26/2025 12:22:10 --> /Warning: key "pageHeader" not found on object "".
ERROR - 06/26/2025 12:22:19 --> /Warning: key "pageHeader" not found on object "".
ERROR - 06/26/2025 12:40:53 --> /Warning: key "pageHeader" not found on object "".
ERROR - 06/26/2025 12:41:28 --> /Warning: key "pageHeader" not found on object "".
ERROR - 06/26/2025 12:42:59 --> /Warning: key "pageHeader" not found on object "".
ERROR - 06/26/2025 12:43:45 --> /Warning: key "pageHeader" not found on object "".
ERROR - 06/26/2025 12:44:52 --> /Warning: key "pageHeader" not found on object "".
ERROR - 06/26/2025 12:45:41 --> /Warning: key "pageHeader" not found on object "".
ERROR - 06/26/2025 12:50:45 --> /Warning: key "pageHeader" not found on object "".
ERROR - 06/26/2025 12:51:29 --> /Warning: key "pageHeader" not found on object "".
ERROR - 06/26/2025 12:51:31 --> /Warning: key "pageHeader" not found on object "".
ERROR - 06/26/2025 12:51:46 --> /Warning: key "pageHeader" not found on object "".
ERROR - 06/26/2025 12:52:59 --> /Warning: key "pageHeader" not found on object "".
ERROR - 06/26/2025 12:53:04 --> /Warning: key "pageHeader" not found on object "".
ERROR - 06/26/2025 12:54:08 --> /Warning: key "pageHeader" not found on object "".
ERROR - 06/26/2025 12:54:28 --> /Warning: key "pageHeader" not found on object "".
ERROR - 06/26/2025 12:55:12 --> /Warning: key "pageHeader" not found on object "".
ERROR - 06/26/2025 12:55:33 --> /Warning: key "pageHeader" not found on object "".
ERROR - 06/26/2025 12:55:38 --> /Warning: key "pageHeader" not found on object "".
ERROR - 06/26/2025 13:05:45 --> /Warning: key "pageHeader" not found on object "".
ERROR - 06/26/2025 13:05:58 --> /Warning: key "pageHeader" not found on object "".
ERROR - 06/26/2025 13:06:19 --> /Warning: key "pageHeader" not found on object "".
ERROR - 06/26/2025 13:06:32 --> /Warning: key "pageHeader" not found on object "".
ERROR - 06/26/2025 13:06:44 --> /Warning: key "pageHeader" not found on object "".
ERROR - 06/26/2025 13:07:49 --> /Warning: key "pageHeader" not found on object "".
ERROR - 06/26/2025 13:10:10 --> /Warning: key "pageHeader" not found on object "".
ERROR - 06/26/2025 13:10:19 --> /Warning: key "pageHeader" not found on object "".
ERROR - 06/26/2025 13:10:35 --> /Warning: key "pageHeader" not found on object "".
ERROR - 06/26/2025 13:12:32 --> /Warning: key "pageHeader" not found on object "".
ERROR - 06/26/2025 13:13:54 --> /Warning: key "pageHeader" not found on object "".
ERROR - 06/26/2025 13:14:20 --> /Warning: key "pageHeader" not found on object "".
ERROR - 06/26/2025 13:14:26 --> /Warning: key "pageHeader" not found on object "".
ERROR - 06/26/2025 13:15:03 --> /Warning: key "pageHeader" not found on object "".
ERROR - 06/26/2025 13:15:27 --> /Warning: key "pageHeader" not found on object "".
ERROR - 06/26/2025 13:50:36 --> /Warning: key "pageHeader" not found on object "".
ERROR - 06/26/2025 13:55:01 --> /Warning: key "pageHeader" not found on object "".
ERROR - 06/26/2025 13:55:25 --> /Warning: key "pageHeader" not found on object "".
ERROR - 06/26/2025 14:40:30 --> /Warning: key "pageHeader" not found on object "".
ERROR - 06/26/2025 14:40:36 --> /Warning: key "pageHeader" not found on object "".
ERROR - 06/26/2025 14:40:54 --> /Warning: key "pageHeader" not found on object "".
ERROR - 06/26/2025 14:41:11 --> /Warning: key "pageHeader" not found on object "".
ERROR - 06/26/2025 14:43:57 --> /Warning: key "pageHeader" not found on object "".
ERROR - 06/26/2025 14:47:08 --> /Warning: key "pageHeader" not found on object "".
ERROR - 06/26/2025 14:47:27 --> /Warning: key "pageHeader" not found on object "".
ERROR - 06/26/2025 14:47:34 --> /Warning: key "pageHeader" not found on object "".
ERROR - 06/26/2025 14:47:54 --> /Warning: key "pageHeader" not found on object "".
ERROR - 06/26/2025 14:48:14 --> /Warning: key "pageHeader" not found on object "".
ERROR - 06/26/2025 14:48:19 --> /Warning: key "pageHeader" not found on object "".
ERROR - 06/26/2025 14:48:27 --> /Warning: key "pageHeader" not found on object "".
ERROR - 06/26/2025 14:48:49 --> /Warning: key "pageHeader" not found on object "".
ERROR - 06/26/2025 14:48:58 --> /Warning: key "pageHeader" not found on object "".
ERROR - 06/26/2025 14:49:50 --> /Warning: key "pageHeader" not found on object "".
ERROR - 06/26/2025 14:50:04 --> /Warning: key "pageHeader" not found on object "".
ERROR - 06/26/2025 14:51:21 --> /Warning: key "pageHeader" not found on object "".
ERROR - 06/26/2025 14:51:32 --> /Warning: key "pageHeader" not found on object "".
ERROR - 06/26/2025 14:51:46 --> /Warning: key "pageHeader" not found on object "".
ERROR - 06/26/2025 14:52:23 --> /Warning: key "pageHeader" not found on object "".
ERROR - 06/26/2025 14:52:34 --> /Warning: key "pageHeader" not found on object "".
ERROR - 06/26/2025 14:52:41 --> /Warning: key "pageHeader" not found on object "".
ERROR - 06/26/2025 14:52:44 --> /Warning: key "pageHeader" not found on object "".
ERROR - 06/26/2025 14:52:47 --> /Warning: key "pageHeader" not found on object "".
ERROR - 06/26/2025 14:53:13 --> /Warning: key "pageHeader" not found on object "".
ERROR - 06/26/2025 14:53:37 --> /Warning: key "pageHeader" not found on object "".
ERROR - 06/26/2025 14:53:41 --> /Warning: key "pageHeader" not found on object "".
ERROR - 06/26/2025 14:53:52 --> /Warning: key "pageHeader" not found on object "".
ERROR - 06/26/2025 14:53:59 --> /Warning: key "pageHeader" not found on object "".
ERROR - 06/26/2025 14:54:31 --> /Warning: key "pageHeader" not found on object "".
ERROR - 06/26/2025 14:54:38 --> /Warning: key "pageHeader" not found on object "".
ERROR - 06/26/2025 14:55:38 --> /Warning: key "pageHeader" not found on object "".
ERROR - 06/26/2025 14:55:41 --> /Warning: key "pageHeader" not found on object "".
ERROR - 06/26/2025 14:57:01 --> /Warning: key "pageHeader" not found on object "".
ERROR - 06/26/2025 14:57:06 --> /Warning: key "pageHeader" not found on object "".
ERROR - 06/26/2025 14:57:20 --> /Warning: key "pageHeader" not found on object "".
ERROR - 06/26/2025 14:57:29 --> /Warning: key "pageHeader" not found on object "".
ERROR - 06/26/2025 14:57:43 --> /Warning: key "pageHeader" not found on object "".
ERROR - 06/26/2025 14:57:46 --> /Warning: key "pageHeader" not found on object "".
ERROR - 06/26/2025 14:57:53 --> /Warning: key "pageHeader" not found on object "".
ERROR - 06/26/2025 14:57:55 --> /Warning: key "pageHeader" not found on object "".
ERROR - 06/26/2025 14:58:07 --> /Warning: key "pageHeader" not found on object "".
ERROR - 06/26/2025 14:58:10 --> /Warning: key "pageHeader" not found on object "".
ERROR - 06/26/2025 14:59:57 --> /Warning: key "pageHeader" not found on object "".
ERROR - 06/26/2025 15:10:28 --> /Warning: key "pageHeader" not found on object "".
ERROR - 06/26/2025 15:16:51 --> /Warning: key "pageHeader" not found on object "".
ERROR - 06/26/2025 17:24:52 --> /Warning: key "pageHeader" not found on object "".
ERROR - 06/26/2025 18:20:04 --> /Warning: key "pageHeader" not found on object "".
ERROR - 06/26/2025 18:20:07 --> /Warning: key "pageHeader" not found on object "".
ERROR - 06/26/2025 19:16:58 --> /Warning: key "pageHeader" not found on object "".
ERROR - 06/26/2025 22:15:00 --> /Warning: key "pageHeader" not found on object "".
ERROR - 06/26/2025 22:15:01 --> /Warning: key "pageHeader" not found on object "".
ERROR - 06/26/2025 22:15:02 --> /Warning: key "pageHeader" not found on object "".
ERROR - 06/26/2025 22:15:02 --> /Warning: key "pageHeader" not found on object "".
ERROR - 06/26/2025 23:04:02 --> /Warning: key "pageHeader" not found on object "".
ERROR - 06/26/2025 23:05:46 --> /Warning: key "pageHeader" not found on object "".
ERROR - 06/26/2025 23:05:47 --> /Warning: key "pageHeader" not found on object "".
ERROR - 06/26/2025 23:06:00 --> /Warning: key "pageHeader" not found on object "".
ERROR - 06/26/2025 23:06:00 --> "Error": ENOENT: no such file or directory, stat 'C:\Users\Curse\Desktop\programming\work\BnSSB\website\Resources\img\missing.\IMG_9898.jpg'
ERROR - 06/26/2025 23:06:38 --> /Warning: key "pageHeader" not found on object "".
ERROR - 06/26/2025 23:06:38 --> "Error": ENOENT: no such file or directory, stat 'C:\Users\Curse\Desktop\programming\work\BnSSB\website\Resources\img\missing.\IMG_9898.jpg'
ERROR - 06/26/2025 23:06:55 --> /Warning: key "pageHeader" not found on object "".
ERROR - 06/26/2025 23:07:13 --> /Warning: key "pageHeader" not found on object "".
ERROR - 06/26/2025 23:07:44 --> /Warning: key "pageHeader" not found on object "".
ERROR - 06/26/2025 23:08:18 --> /Warning: key "pageHeader" not found on object "".
ERROR - 06/26/2025 23:08:27 --> /Warning: key "pageHeader" not found on object "".
ERROR - 06/26/2025 23:09:29 --> /Warning: key "pageHeader" not found on object "".
ERROR - 06/26/2025 23:09:44 --> /Warning: key "pageHeader" not found on object "".
ERROR - 06/26/2025 23:10:36 --> /Warning: key "pageHeader" not found on object "".
ERROR - 06/26/2025 23:10:41 --> /Warning: key "pageHeader" not found on object "".
ERROR - 06/26/2025 23:11:02 --> /Warning: key "pageHeader" not found on object "".
ERROR - 06/26/2025 23:11:19 --> /Warning: key "pageHeader" not found on object "".
ERROR - 06/26/2025 23:15:41 --> /Warning: key "pageHeader" not found on object "".
ERROR - 06/26/2025 23:16:04 --> /Warning: key "pageHeader" not found on object "".
ERROR - 06/26/2025 23:16:10 --> /Warning: key "pageHeader" not found on object "".
ERROR - 06/26/2025 23:16:33 --> /Warning: key "pageHeader" not found on object "".
ERROR - 06/26/2025 23:16:33 --> /Warning: key "pageHeader" not found on object "".
ERROR - 06/26/2025 23:18:24 --> /Warning: key "pageHeader" not found on object "".
ERROR - 06/26/2025 23:18:57 --> /Warning: key "pageHeader" not found on object "".
ERROR - 06/26/2025 23:19:07 --> /Warning: key "pageHeader" not found on object "".
ERROR - 06/26/2025 23:19:24 --> /Warning: key "pageHeader" not found on object "".
ERROR - 06/26/2025 23:19:52 --> /Warning: key "pageHeader" not found on object "".
ERROR - 06/26/2025 23:19:56 --> /Warning: key "pageHeader" not found on object "".
ERROR - 06/26/2025 23:20:14 --> /Warning: key "pageHeader" not found on object "".
ERROR - 06/26/2025 23:20:55 --> /Warning: key "pageHeader" not found on object "".
ERROR - 06/26/2025 23:21:36 --> /Warning: key "pageHeader" not found on object "".
ERROR - 06/26/2025 23:22:26 --> /Warning: key "pageHeader" not found on object "".
ERROR - 06/26/2025 23:22:59 --> /Warning: key "pageHeader" not found on object "".
ERROR - 06/26/2025 23:23:13 --> /Warning: key "pageHeader" not found on object "".
ERROR - 06/26/2025 23:24:00 --> /Warning: key "pageHeader" not found on object "".
ERROR - 06/26/2025 23:24:26 --> /Warning: key "pageHeader" not found on object "".
ERROR - 06/26/2025 23:25:05 --> /Warning: key "pageHeader" not found on object "".
ERROR - 06/26/2025 23:25:56 --> /Warning: key "pageHeader" not found on object "".
ERROR - 06/26/2025 23:26:31 --> /Warning: key "pageHeader" not found on object "".
ERROR - 06/26/2025 23:27:02 --> /Warning: key "pageHeader" not found on object "".
ERROR - 06/26/2025 23:27:56 --> /Warning: key "pageHeader" not found on object "".
ERROR - 06/26/2025 23:28:36 --> /Warning: key "pageHeader" not found on object "".
ERROR - 06/26/2025 23:29:03 --> /Warning: key "pageHeader" not found on object "".
ERROR - 06/26/2025 23:29:31 --> /Warning: key "pageHeader" not found on object "".
ERROR - 06/26/2025 23:29:54 --> /Warning: key "pageHeader" not found on object "".
ERROR - 06/26/2025 23:30:05 --> /Warning: key "pageHeader" not found on object "".
ERROR - 06/26/2025 23:31:47 --> /Warning: key "pageHeader" not found on object "".
ERROR - 06/26/2025 23:35:08 --> /Warning: key "pageHeader" not found on object "".
ERROR - 06/26/2025 23:35:18 --> /Warning: key "pageHeader" not found on object "".
ERROR - 06/26/2025 23:35:46 --> /Warning: key "pageHeader" not found on object "".
ERROR - 06/26/2025 23:35:54 --> /Warning: key "pageHeader" not found on object "".
ERROR - 06/26/2025 23:37:07 --> /Warning: key "pageHeader" not found on object "".
ERROR - 06/26/2025 23:37:31 --> /Warning: key "pageHeader" not found on object "".
ERROR - 06/26/2025 23:37:44 --> /Warning: key "pageHeader" not found on object "".
ERROR - 06/26/2025 23:37:59 --> /Warning: key "pageHeader" not found on object "".
ERROR - 06/26/2025 23:38:07 --> /Warning: key "pageHeader" not found on object "".
ERROR - 06/26/2025 23:38:54 --> /Warning: key "pageHeader" not found on object "".
ERROR - 06/26/2025 23:39:16 --> /Warning: key "pageHeader" not found on object "".
ERROR - 06/26/2025 23:44:10 --> /Warning: key "pageHeader" not found on object "".
ERROR - 06/26/2025 23:44:28 --> /Warning: key "pageHeader" not found on object "".
ERROR - 06/26/2025 23:44:55 --> /Warning: key "pageHeader" not found on object "".
ERROR - 06/26/2025 23:45:36 --> /Warning: key "pageHeader" not found on object "".
ERROR - 06/26/2025 23:45:51 --> /Warning: key "pageHeader" not found on object "".
ERROR - 06/26/2025 23:46:05 --> /Warning: key "pageHeader" not found on object "".
ERROR - 06/26/2025 23:46:14 --> /Warning: key "pageHeader" not found on object "".
ERROR - 06/26/2025 23:47:23 --> /Warning: key "pageHeader" not found on object "".
ERROR - 06/26/2025 23:48:01 --> /Warning: key "pageHeader" not found on object "".
ERROR - 06/26/2025 23:49:44 --> /Warning: key "pageHeader" not found on object "".
ERROR - 06/26/2025 23:49:49 --> /Warning: key "pageHeader" not found on object "".
ERROR - 06/27/2025 05:03:17 --> /Warning: key "pageHeader" not found on object "".
ERROR - 06/27/2025 10:52:44 --> /Warning: key "pageHeader" not found on object "".
ERROR - 06/27/2025 10:55:18 --> /Warning: key "pageHeader" not found on object "".
ERROR - 06/27/2025 11:00:12 --> /Warning: key "pageHeader" not found on object "".
ERROR - 06/27/2025 11:00:17 --> /Warning: key "pageHeader" not found on object "".
ERROR - 06/27/2025 11:00:27 --> /Warning: key "pageHeader" not found on object "".
ERROR - 06/27/2025 11:00:29 --> /Warning: key "pageHeader" not found on object "".
ERROR - 06/27/2025 11:01:02 --> /Warning: key "pageHeader" not found on object "".
ERROR - 06/27/2025 11:01:39 --> /Warning: key "pageHeader" not found on object "".
ERROR - 06/27/2025 11:01:41 --> /Warning: key "pageHeader" not found on object "".
ERROR - 06/27/2025 11:02:24 --> /Warning: key "pageHeader" not found on object "".
ERROR - 06/27/2025 11:02:29 --> /Warning: key "pageHeader" not found on object "".
ERROR - 06/27/2025 11:04:27 --> /Warning: key "pageHeader" not found on object "".
ERROR - 06/27/2025 11:04:48 --> /Warning: key "pageHeader" not found on object "".
ERROR - 06/27/2025 11:05:07 --> /Warning: key "pageHeader" not found on object "".
ERROR - 06/27/2025 11:05:36 --> /Warning: key "pageHeader" not found on object "".
ERROR - 06/27/2025 11:11:59 --> /Warning: key "pageHeader" not found on object "".
ERROR - 06/27/2025 11:12:57 --> /Warning: key "pageHeader" not found on object "".
ERROR - 06/27/2025 11:14:19 --> /Warning: key "pageHeader" not found on object "".
ERROR - 06/27/2025 11:14:29 --> /Warning: key "pageHeader" not found on object "".
ERROR - 06/27/2025 11:14:48 --> /Warning: key "pageHeader" not found on object "".
ERROR - 06/27/2025 11:17:57 --> /Warning: key "pageHeader" not found on object "".
ERROR - 06/27/2025 11:18:15 --> /Warning: key "pageHeader" not found on object "".
ERROR - 06/27/2025 11:18:20 --> /Warning: key "pageHeader" not found on object "".
ERROR - 06/27/2025 11:18:22 --> /Warning: key "pageHeader" not found on object "".
ERROR - 06/27/2025 11:18:45 --> /Warning: key "pageHeader" not found on object "".
ERROR - 06/27/2025 11:22:55 --> /Warning: key "pageHeader" not found on object "".
ERROR - 06/27/2025 11:23:14 --> /Warning: key "pageHeader" not found on object "".
ERROR - 06/27/2025 15:59:56 --> /Warning: key "pageHeader" not found on object "".
ERROR - 06/27/2025 17:22:16 --> /Warning: key "pageHeader" not found on object "".
ERROR - 06/27/2025 17:22:26 --> /Warning: key "pageHeader" not found on object "".
ERROR - 06/27/2025 17:22:45 --> /Warning: key "pageHeader" not found on object "".
ERROR - 06/27/2025 17:22:59 --> /Warning: key "pageHeader" not found on object "".
ERROR - 06/27/2025 17:23:07 --> /Warning: key "pageHeader" not found on object "".
ERROR - 06/27/2025 17:23:17 --> /Warning: key "pageHeader" not found on object "".
ERROR - 06/27/2025 17:38:27 --> /Warning: key "pageHeader" not found on object "".
ERROR - 06/27/2025 17:42:57 --> /Warning: key "pageHeader" not found on object "".
ERROR - 06/27/2025 20:11:11 --> /Warning: key "pageHeader" not found on object "".
ERROR - 06/27/2025 20:11:12 --> "Error": ENOENT: no such file or directory, stat 'C:\Users\Curse\Desktop\programming\work\BnSSB\website\Resources\img\missing.\img\photos\two_3.jpg'
ERROR - 06/27/2025 20:11:12 --> "Error": ENOENT: no such file or directory, stat 'C:\Users\Curse\Desktop\programming\work\BnSSB\website\Resources\img\missing.\img\photos\two_5.jpg'
ERROR - 06/27/2025 20:11:12 --> "Error": ENOENT: no such file or directory, stat 'C:\Users\Curse\Desktop\programming\work\BnSSB\website\Resources\img\missing.\img\photos\seven_3.jpg'
ERROR - 06/27/2025 20:11:12 --> "Error": ENOENT: no such file or directory, stat 'C:\Users\Curse\Desktop\programming\work\BnSSB\website\Resources\img\missing.\img\photos\seven_4.jpg'
ERROR - 06/28/2025 01:11:22 --> /Warning: key "pageHeader" not found on object "".
ERROR - 06/28/2025 01:31:34 --> /Warning: key "pageHeader" not found on object "".
ERROR - 06/28/2025 10:57:23 --> /Warning: key "pageHeader" not found on object "".
ERROR - 06/28/2025 12:09:39 --> /Warning: key "pageHeader" not found on object "".
ERROR - 06/28/2025 12:28:57 --> /Warning: key "pageHeader" not found on object "".
ERROR - 06/28/2025 23:36:47 --> /Warning: key "pageHeader" not found on object "".
ERROR - 06/29/2025 00:53:00 --> /Warning: key "pageHeader" not found on object "".
ERROR - 06/29/2025 01:25:52 --> /Warning: key "pageHeader" not found on object "".
ERROR - 06/29/2025 07:06:12 --> /Warning: key "pageHeader" not found on object "".
ERROR - 06/29/2025 12:27:09 --> /Warning: key "pageHeader" not found on object "".
ERROR - 06/29/2025 13:41:04 --> /Warning: key "pageHeader" not found on object "".
ERROR - 06/29/2025 13:46:00 --> /Warning: key "pageHeader" not found on object "".
ERROR - 06/29/2025 13:46:22 --> /Warning: key "pageHeader" not found on object "".
ERROR - 06/29/2025 13:46:35 --> /Warning: key "pageHeader" not found on object "".
ERROR - 06/29/2025 13:47:47 --> /Warning: key "pageHeader" not found on object "".
ERROR - 06/29/2025 13:47:55 --> /Warning: key "pageHeader" not found on object "".
ERROR - 06/29/2025 13:48:16 --> /Warning: key "pageHeader" not found on object "".
ERROR - 06/29/2025 13:48:23 --> /Warning: key "pageHeader" not found on object "".
ERROR - 06/29/2025 13:49:36 --> /Warning: key "pageHeader" not found on object "".
ERROR - 06/29/2025 13:50:05 --> /Warning: key "pageHeader" not found on object "".
ERROR - 06/29/2025 13:50:10 --> /Warning: key "pageHeader" not found on object "".
ERROR - 06/29/2025 13:50:18 --> /Warning: key "pageHeader" not found on object "".
ERROR - 06/29/2025 13:50:43 --> /Warning: key "pageHeader" not found on object "".
ERROR - 06/29/2025 13:51:01 --> /Warning: key "pageHeader" not found on object "".
ERROR - 06/29/2025 13:51:10 --> /Warning: key "pageHeader" not found on object "".
ERROR - 06/29/2025 13:51:53 --> /Warning: key "pageHeader" not found on object "".
ERROR - 06/29/2025 13:52:06 --> /Warning: key "pageHeader" not found on object "".
ERROR - 06/29/2025 13:52:21 --> /Warning: key "pageHeader" not found on object "".
ERROR - 06/29/2025 13:52:46 --> /Warning: key "pageHeader" not found on object "".
ERROR - 06/29/2025 13:52:55 --> /Warning: key "pageHeader" not found on object "".
ERROR - 06/29/2025 13:53:38 --> /Warning: key "pageHeader" not found on object "".
ERROR - 06/29/2025 13:53:54 --> /Warning: key "pageHeader" not found on object "".
ERROR - 06/29/2025 13:54:31 --> /Warning: key "pageHeader" not found on object "".
ERROR - 06/29/2025 13:54:35 --> /Warning: key "pageHeader" not found on object "".
ERROR - 06/29/2025 13:54:41 --> /Warning: key "pageHeader" not found on object "".
ERROR - 06/29/2025 13:58:35 --> /Warning: key "pageHeader" not found on object "".
ERROR - 06/29/2025 13:58:52 --> /Warning: key "pageHeader" not found on object "".
ERROR - 06/29/2025 13:59:51 --> /Warning: key "pageHeader" not found on object "".
ERROR - 06/29/2025 13:59:51 --> "Error": ENOENT: no such file or directory, stat 'C:\Users\Curse\Desktop\programming\work\BnSSB\website\Resources\img\missing.\img\handrails.jpg'
ERROR - 06/29/2025 14:00:13 --> /Warning: key "pageHeader" not found on object "".
ERROR - 06/29/2025 14:00:33 --> /Warning: key "pageHeader" not found on object "".
ERROR - 06/29/2025 14:00:54 --> /Warning: key "pageHeader" not found on object "".
ERROR - 06/29/2025 14:03:26 --> /Warning: key "pageHeader" not found on object "".
ERROR - 06/29/2025 14:05:02 --> /Warning: key "pageHeader" not found on object "".
ERROR - 06/29/2025 14:05:20 --> /Warning: key "pageHeader" not found on object "".
ERROR - 06/29/2025 14:05:56 --> /Warning: key "pageHeader" not found on object "".
ERROR - 06/29/2025 14:06:14 --> /Warning: key "pageHeader" not found on object "".
ERROR - 06/29/2025 14:06:45 --> /Warning: key "pageHeader" not found on object "".
ERROR - 06/29/2025 14:06:58 --> /Warning: key "pageHeader" not found on object "".
ERROR - 06/29/2025 14:07:11 --> /Warning: key "pageHeader" not found on object "".
ERROR - 06/29/2025 14:07:23 --> /Warning: key "pageHeader" not found on object "".
ERROR - 06/29/2025 14:07:43 --> /Warning: key "pageHeader" not found on object "".
ERROR - 06/29/2025 14:07:48 --> /Warning: key "pageHeader" not found on object "".
ERROR - 06/29/2025 14:08:14 --> /Warning: key "pageHeader" not found on object "".
ERROR - 06/29/2025 14:08:41 --> /Warning: key "pageHeader" not found on object "".
ERROR - 06/29/2025 14:08:50 --> /Warning: key "pageHeader" not found on object "".
ERROR - 06/29/2025 14:09:03 --> /Warning: key "pageHeader" not found on object "".
ERROR - 06/29/2025 14:09:20 --> /Warning: key "pageHeader" not found on object "".
ERROR - 06/29/2025 14:09:29 --> /Warning: key "pageHeader" not found on object "".
ERROR - 06/29/2025 14:09:47 --> /Warning: key "pageHeader" not found on object "".
ERROR - 06/29/2025 14:09:54 --> /Warning: key "pageHeader" not found on object "".
ERROR - 06/29/2025 14:10:14 --> /Warning: key "pageHeader" not found on object "".
ERROR - 06/29/2025 14:10:42 --> /Warning: key "pageHeader" not found on object "".
ERROR - 06/29/2025 14:10:56 --> /Warning: key "pageHeader" not found on object "".
ERROR - 06/29/2025 14:11:05 --> /Warning: key "pageHeader" not found on object "".
ERROR - 06/29/2025 14:11:18 --> /Warning: key "pageHeader" not found on object "".
ERROR - 06/29/2025 14:11:31 --> /Warning: key "pageHeader" not found on object "".
ERROR - 06/29/2025 14:11:45 --> /Warning: key "pageHeader" not found on object "".
ERROR - 06/29/2025 14:12:08 --> /Warning: key "pageHeader" not found on object "".
ERROR - 06/29/2025 19:12:48 --> /Warning: key "pageHeader" not found on object "".
ERROR - 06/29/2025 19:17:45 --> /Warning: key "pageHeader" not found on object "".
ERROR - 06/29/2025 19:18:10 --> /Warning: key "pageHeader" not found on object "".
ERROR - 06/29/2025 19:18:23 --> /Warning: key "pageHeader" not found on object "".
ERROR - 06/29/2025 19:20:18 --> /Warning: key "pageHeader" not found on object "".
ERROR - 06/29/2025 19:20:47 --> /Warning: key "pageHeader" not found on object "".
ERROR - 06/29/2025 19:21:03 --> /Warning: key "pageHeader" not found on object "".
ERROR - 06/29/2025 19:22:16 --> /Warning: key "pageHeader" not found on object "".
ERROR - 06/29/2025 19:22:30 --> /Warning: key "pageHeader" not found on object "".
ERROR - 06/29/2025 19:22:51 --> /Warning: key "pageHeader" not found on object "".
ERROR - 06/29/2025 19:22:54 --> /Warning: key "pageHeader" not found on object "".
ERROR - 06/29/2025 19:23:22 --> /Warning: key "pageHeader" not found on object "".
ERROR - 06/29/2025 19:24:07 --> /Warning: key "pageHeader" not found on object "".
ERROR - 06/29/2025 19:24:30 --> /Warning: key "pageHeader" not found on object "".
ERROR - 06/29/2025 19:26:55 --> /Warning: key "pageHeader" not found on object "".
ERROR - 06/29/2025 19:27:09 --> /Warning: key "pageHeader" not found on object "".
ERROR - 06/29/2025 19:28:19 --> /Warning: key "pageHeader" not found on object "".
ERROR - 06/29/2025 19:28:57 --> /Warning: key "pageHeader" not found on object "".
ERROR - 06/29/2025 19:29:17 --> /Warning: key "pageHeader" not found on object "".
ERROR - 06/29/2025 19:30:07 --> /Warning: key "pageHeader" not found on object "".
ERROR - 06/29/2025 19:30:26 --> /Warning: key "pageHeader" not found on object "".
ERROR - 06/29/2025 19:30:53 --> /Warning: key "pageHeader" not found on object "".
ERROR - 06/29/2025 19:31:12 --> /Warning: key "pageHeader" not found on object "".
ERROR - 06/29/2025 19:31:29 --> /Warning: key "pageHeader" not found on object "".
ERROR - 06/29/2025 19:31:39 --> /Warning: key "pageHeader" not found on object "".
ERROR - 06/29/2025 19:31:56 --> /Warning: key "pageHeader" not found on object "".
ERROR - 06/29/2025 19:33:01 --> /Warning: key "pageHeader" not found on object "".
ERROR - 06/29/2025 19:33:21 --> /Warning: key "pageHeader" not found on object "".
ERROR - 06/29/2025 19:35:01 --> /Warning: key "pageHeader" not found on object "".
ERROR - 06/29/2025 19:35:24 --> /Warning: key "pageHeader" not found on object "".
ERROR - 06/29/2025 19:36:39 --> /Warning: key "pageHeader" not found on object "".
ERROR - 06/29/2025 19:36:56 --> /Warning: key "pageHeader" not found on object "".
ERROR - 06/29/2025 19:37:31 --> /Warning: key "pageHeader" not found on object "".
ERROR - 06/29/2025 19:38:28 --> /Warning: key "pageHeader" not found on object "".
ERROR - 06/29/2025 19:39:54 --> /Warning: key "pageHeader" not found on object "".
ERROR - 06/29/2025 19:41:48 --> /Warning: key "pageHeader" not found on object "".
ERROR - 06/29/2025 19:45:01 --> /Warning: key "pageHeader" not found on object "".
ERROR - 06/29/2025 19:47:04 --> /Warning: key "pageHeader" not found on object "".
ERROR - 06/29/2025 19:47:45 --> /Warning: key "pageHeader" not found on object "".
